# JRE version: Java(TM) SE Runtime Environment (15.0.1+9) (build 15.0.1+9-18)
# Java VM: Java HotSpot(TM) 64-Bit Server VM (15.0.1+9-18, mixed mode, sharing, tiered, compressed oops, g1 gc, windows-amd64)
GC Precious Log:
 CPUs: 8 total, 8 available
 Memory: 16217M
 Large Page Support: Disabled
 NUMA Support: Disabled
 Compressed Oops: Enabled (Zero based)
 Heap Region Size: 2M
 Heap Min Capacity: 8M
 Heap Initial Capacity: 254M
 Heap Max Capacity: 4056M
 Pre-touch: Disabled
 Parallel Workers: 8
 Concurrent Workers: 2
 Concurrent Refinement Workers: 8
 Periodic GC: Disabled
Heap:
 garbage-first heap   total 260096K, used 16777K [0x0000000702800000, 0x0000000800000000)
  region size 2048K, 3 young (6144K), 2 survivors (4096K)
 Metaspace       used 11313K, capacity 11530K, committed 11904K, reserved 1060864K
  class space    used 1222K, capacity 1289K, committed 1408K, reserved 1048576K
GC Heap History (6 events):
Event: 0.446 GC heap before
{Heap before GC invocations=0 (full 0):
 garbage-first heap   total 260096K, used 20480K [0x0000000702800000, 0x0000000800000000)
  region size 2048K, 11 young (22528K), 0 survivors (0K)
 Metaspace       used 4480K, capacity 6244K, committed 6528K, reserved 1056768K
  class space    used 445K, capacity 603K, committed 640K, reserved 1048576K
}
Event: 0.450 GC heap after
{Heap after GC invocations=1 (full 0):
 garbage-first heap   total 260096K, used 7576K [0x0000000702800000, 0x0000000800000000)
  region size 2048K, 2 young (4096K), 2 survivors (4096K)
 Metaspace       used 4480K, capacity 6244K, committed 6528K, reserved 1056768K
  class space    used 445K, capacity 603K, committed 640K, reserved 1048576K
}
Event: 0.864 GC heap before
{Heap before GC invocations=1 (full 0):
 garbage-first heap   total 260096K, used 28056K [0x0000000702800000, 0x0000000800000000)
  region size 2048K, 12 young (24576K), 2 survivors (4096K)
 Metaspace       used 8640K, capacity 9721K, committed 9856K, reserved 1058816K
  class space    used 941K, capacity 1057K, committed 1152K, reserved 1048576K
}
Event: 0.871 GC heap after
{Heap after GC invocations=2 (full 0):
 garbage-first heap   total 260096K, used 12664K [0x0000000702800000, 0x0000000800000000)
  region size 2048K, 2 young (4096K), 2 survivors (4096K)
 Metaspace       used 8640K, capacity 9721K, committed 9856K, reserved 1058816K
  class space    used 941K, capacity 1057K, committed 1152K, reserved 1048576K
}
Event: 5.916 GC heap before
{Heap before GC invocations=2 (full 0):
 garbage-first heap   total 260096K, used 41336K [0x0000000702800000, 0x0000000800000000)
  region size 2048K, 16 young (32768K), 2 survivors (4096K)
 Metaspace       used 11312K, capacity 11530K, committed 11904K, reserved 1060864K
  class space    used 1222K, capacity 1289K, committed 1408K, reserved 1048576K
}
Event: 5.926 GC heap after
{Heap after GC invocations=3 (full 0):
 garbage-first heap   total 260096K, used 16777K [0x0000000702800000, 0x0000000800000000)
  region size 2048K, 2 young (4096K), 2 survivors (4096K)
 Metaspace       used 11312K, capacity 11530K, committed 11904K, reserved 1060864K
  class space    used 1222K, capacity 1289K, committed 1408K, reserved 1048576K
}

