# JRE version: Java(TM) SE Runtime Environment (15.0.1+9) (build 15.0.1+9-18)
# Java VM: Java HotSpot(TM) 64-Bit Server VM (15.0.1+9-18, mixed mode, sharing, tiered, compressed oops, g1 gc, windows-amd64)
GC Precious Log:
 CPUs: 8 total, 8 available
 Memory: 16217M
 Large Page Support: Disabled
 NUMA Support: Disabled
 Compressed Oops: Enabled (Zero based)
 Heap Region Size: 2M
 Heap Min Capacity: 8M
 Heap Initial Capacity: 254M
 Heap Max Capacity: 4056M
 Pre-touch: Disabled
 Parallel Workers: 8
 Concurrent Workers: 2
 Concurrent Refinement Workers: 8
 Periodic GC: Disabled
Heap:
 garbage-first heap   total 260096K, used 17019K [0x0000000702800000, 0x0000000800000000)
  region size 2048K, 3 young (6144K), 2 survivors (4096K)
 Metaspace       used 11312K, capacity 11534K, committed 11904K, reserved 1060864K
  class space    used 1222K, capacity 1289K, committed 1408K, reserved 1048576K
GC Heap History (6 events):
Event: 0.495 GC heap before
{Heap before GC invocations=0 (full 0):
 garbage-first heap   total 260096K, used 20480K [0x0000000702800000, 0x0000000800000000)
  region size 2048K, 11 young (22528K), 0 survivors (0K)
 Metaspace       used 4511K, capacity 6244K, committed 6528K, reserved 1056768K
  class space    used 447K, capacity 603K, committed 640K, reserved 1048576K
}
Event: 0.499 GC heap after
{Heap after GC invocations=1 (full 0):
 garbage-first heap   total 260096K, used 7498K [0x0000000702800000, 0x0000000800000000)
  region size 2048K, 2 young (4096K), 2 survivors (4096K)
 Metaspace       used 4511K, capacity 6244K, committed 6528K, reserved 1056768K
  class space    used 447K, capacity 603K, committed 640K, reserved 1048576K
}
Event: 1.003 GC heap before
{Heap before GC invocations=1 (full 0):
 garbage-first heap   total 260096K, used 30026K [0x0000000702800000, 0x0000000800000000)
  region size 2048K, 13 young (26624K), 2 survivors (4096K)
 Metaspace       used 9065K, capacity 10085K, committed 10368K, reserved 1058816K
  class space    used 978K, capacity 1091K, committed 1152K, reserved 1048576K
}
Event: 1.012 GC heap after
{Heap after GC invocations=2 (full 0):
 garbage-first heap   total 260096K, used 13437K [0x0000000702800000, 0x0000000800000000)
  region size 2048K, 2 young (4096K), 2 survivors (4096K)
 Metaspace       used 9065K, capacity 10085K, committed 10368K, reserved 1058816K
  class space    used 978K, capacity 1091K, committed 1152K, reserved 1048576K
}
Event: 4.455 GC heap before
{Heap before GC invocations=2 (full 0):
 garbage-first heap   total 260096K, used 31869K [0x0000000702800000, 0x0000000800000000)
  region size 2048K, 11 young (22528K), 2 survivors (4096K)
 Metaspace       used 11312K, capacity 11534K, committed 11904K, reserved 1060864K
  class space    used 1222K, capacity 1289K, committed 1408K, reserved 1048576K
}
Event: 4.465 GC heap after
{Heap after GC invocations=3 (full 0):
 garbage-first heap   total 260096K, used 17019K [0x0000000702800000, 0x0000000800000000)
  region size 2048K, 2 young (4096K), 2 survivors (4096K)
 Metaspace       used 11312K, capacity 11534K, committed 11904K, reserved 1060864K
  class space    used 1222K, capacity 1289K, committed 1408K, reserved 1048576K
}

