# JRE version: Java(TM) SE Runtime Environment (15.0.1+9) (build 15.0.1+9-18)
# Java VM: Java HotSpot(TM) 64-Bit Server VM (15.0.1+9-18, mixed mode, sharing, tiered, compressed oops, g1 gc, windows-amd64)
GC Precious Log:
 CPUs: 8 total, 8 available
 Memory: 16217M
 Large Page Support: Disabled
 NUMA Support: Disabled
 Compressed Oops: Enabled (Zero based)
 Heap Region Size: 2M
 Heap Min Capacity: 8M
 Heap Initial Capacity: 254M
 Heap Max Capacity: 4056M
 Pre-touch: Disabled
 Parallel Workers: 8
 Concurrent Workers: 2
 Concurrent Refinement Workers: 8
 Periodic GC: Disabled
Heap:
 garbage-first heap   total 260096K, used 16807K [0x0000000702800000, 0x0000000800000000)
  region size 2048K, 3 young (6144K), 2 survivors (4096K)
 Metaspace       used 11313K, capacity 11526K, committed 11648K, reserved 1058816K
  class space    used 1222K, capacity 1289K, committed 1408K, reserved 1048576K
GC Heap History (6 events):
Event: 0.732 GC heap before
{Heap before GC invocations=0 (full 0):
 garbage-first heap   total 260096K, used 20480K [0x0000000702800000, 0x0000000800000000)
  region size 2048K, 11 young (22528K), 0 survivors (0K)
 Metaspace       used 4515K, capacity 6244K, committed 6528K, reserved 1056768K
  class space    used 447K, capacity 603K, committed 640K, reserved 1048576K
}
Event: 0.740 GC heap after
{Heap after GC invocations=1 (full 0):
 garbage-first heap   total 260096K, used 7354K [0x0000000702800000, 0x0000000800000000)
  region size 2048K, 2 young (4096K), 2 survivors (4096K)
 Metaspace       used 4515K, capacity 6244K, committed 6528K, reserved 1056768K
  class space    used 447K, capacity 603K, committed 640K, reserved 1048576K
}
Event: 1.466 GC heap before
{Heap before GC invocations=1 (full 0):
 garbage-first heap   total 260096K, used 29882K [0x0000000702800000, 0x0000000800000000)
  region size 2048K, 13 young (26624K), 2 survivors (4096K)
 Metaspace       used 9012K, capacity 10021K, committed 10112K, reserved 1058816K
  class space    used 975K, capacity 1091K, committed 1152K, reserved 1048576K
}
Event: 1.475 GC heap after
{Heap after GC invocations=2 (full 0):
 garbage-first heap   total 260096K, used 13415K [0x0000000702800000, 0x0000000800000000)
  region size 2048K, 2 young (4096K), 2 survivors (4096K)
 Metaspace       used 9012K, capacity 10021K, committed 10112K, reserved 1058816K
  class space    used 975K, capacity 1091K, committed 1152K, reserved 1048576K
}
Event: 7.413 GC heap before
{Heap before GC invocations=2 (full 0):
 garbage-first heap   total 260096K, used 35943K [0x0000000702800000, 0x0000000800000000)
  region size 2048K, 13 young (26624K), 2 survivors (4096K)
 Metaspace       used 11312K, capacity 11526K, committed 11648K, reserved 1058816K
  class space    used 1222K, capacity 1289K, committed 1408K, reserved 1048576K
}
Event: 7.422 GC heap after
{Heap after GC invocations=3 (full 0):
 garbage-first heap   total 260096K, used 16807K [0x0000000702800000, 0x0000000800000000)
  region size 2048K, 2 young (4096K), 2 survivors (4096K)
 Metaspace       used 11312K, capacity 11526K, committed 11648K, reserved 1058816K
  class space    used 1222K, capacity 1289K, committed 1408K, reserved 1048576K
}

